<?xml version="1.0" encoding="UTF-8"?>
<!-- Generated by org.testng.reporters.JUnitReportReporter -->
<testsuite hostname="Raghavendra" failures="0" tests="2" name="com.testscripts.Crm_Login_test" time="18.796" errors="0" timestamp="2025-10-07T12:25:52 IST" skipped="0">
  <testcase classname="com.testscripts.Crm_Login_test" name="login" time="12.715"/>
  <testcase classname="com.testscripts.Crm_Login_test" name="selectusercolor" time="6.081">
    <system-out>
      <![CDATA[rgba(100, 114, 140, 1)
Username : Admin]]>
    </system-out>
  </testcase> <!-- selectusercolor -->
  <system-out>
    <![CDATA[rgba(100, 114, 140, 1)
Username : Admin]]>
  </system-out>
</testsuite> <!-- com.testscripts.Crm_Login_test -->
