<?xml version="1.0" encoding="UTF-8"?>
<!-- Generated by org.testng.reporters.JUnitReportReporter -->
<testsuite hostname="Raghavendra" failures="0" tests="1" name="com.testscripts.Crm_time_test" time="12.059" errors="0" timestamp="2025-10-03T09:53:15 IST" skipped="0">
  <testcase classname="com.testscripts.Crm_time_test" name="select_dates" time="12.059"/>
</testsuite> <!-- com.testscripts.Crm_time_test -->
