<?xml version="1.0" encoding="UTF-8"?>
<!-- Generated by org.testng.reporters.JUnitReportReporter -->
<testsuite hostname="Raghavendra" failures="0" tests="1" name="com.testscripts.Crm_Myinfo_test" time="25.643" errors="0" timestamp="2025-10-02T20:23:42 IST" skipped="0">
  <testcase classname="com.testscripts.Crm_Myinfo_test" name="select_myinfo" time="25.643"/>
</testsuite> <!-- com.testscripts.Crm_Myinfo_test -->
