<?xml version="1.0" encoding="UTF-8"?>
<!-- Generated by org.testng.reporters.JUnitReportReporter -->
<testsuite hostname="Raghavendra" failures="0" tests="1" name="com.testscripts.Crm_Pim_test" time="20.562" errors="0" timestamp="2025-10-07T12:25:52 IST" skipped="0">
  <testcase classname="com.testscripts.Crm_Pim_test" name="click_Pim" time="20.562"/>
  <system-out>
    <![CDATA[rgba(100, 114, 140, 1)
Username : Admin]]>
  </system-out>
</testsuite> <!-- com.testscripts.Crm_Pim_test -->
